<?xml version="1.0" encoding="UTF-8"?>
<!-- Generated by org.testng.reporters.JUnitXMLReporter -->
<testsuite ignored="0" hostname="Lenovo-IP3-Ci3-New-256SSD-1TB" failures="1" tests="2" name="Test11" time="2.042" errors="0" timestamp="2024-06-02T12:59:42 IST">
  <testcase classname="org.crossbrowser.Cross_Browse" name="Instagram" time="2.034"/>
  <testcase classname="org.crossbrowser.Cross_Browse" name="Telegram" time="0.0">
    <failure type="org.testng.TestNGException" message="
Parameter &amp;apos;browser&amp;apos; is required by @Test on method Telegram but has not been marked @Optional or defined
in C:\Users\Lenovo\Documents\Parellel_CrossBrowser\Crossbrowsertestng.xml">
      <![CDATA[org.testng.TestNGException: 
Parameter 'browser' is required by @Test on method Telegram but has not been marked @Optional or defined
in C:\Users\Lenovo\Documents\Parellel_CrossBrowser\Crossbrowsertestng.xml
at java.base/java.util.ArrayList.forEach(ArrayList.java:1511)
... Removed 26 stack frames]]>
    </failure>
  </testcase> <!-- Telegram -->
</testsuite> <!-- Test11 -->
