<?xml version="1.0" encoding="UTF-8"?>
<!-- Generated by org.testng.reporters.JUnitXMLReporter -->
<testsuite ignored="0" hostname="Lenovo-IP3-Ci3-New-256SSD-1TB" failures="1" tests="2" name="Test3" time="7.009" errors="0" timestamp="2024-06-02T12:59:55 IST">
  <testcase classname="org.crossbrowser.Cross_Browse" name="Instagram" time="0.0">
    <failure type="org.testng.TestNGException" message="
Parameter &amp;apos;browser1&amp;apos; is required by @Test on method Instagram but has not been marked @Optional or defined
in C:\Users\Lenovo\Documents\Parellel_CrossBrowser\Crossbrowsertestng.xml">
      <![CDATA[org.testng.TestNGException: 
Parameter 'browser1' is required by @Test on method Instagram but has not been marked @Optional or defined
in C:\Users\Lenovo\Documents\Parellel_CrossBrowser\Crossbrowsertestng.xml
at java.base/java.util.ArrayList.forEach(ArrayList.java:1511)
... Removed 26 stack frames]]>
    </failure>
  </testcase> <!-- Instagram -->
  <testcase classname="org.crossbrowser.Cross_Browse" name="Telegram" time="6.994"/>
</testsuite> <!-- Test3 -->
